2025-11-13 13:12:28 +0000  Initial pipeline context: <IDEDistributionProcessingPipelineContext: 0x7ff2038a0e70; archive(resolved)="<IDEArchive: 0x60000f500b60>", distributionTask(resolved)="2", distributionDestination(resolved)="1", distributionMethod(resolved)="<IDEDistributionMethodiOSAdHoc: 0x600009e63be0>", team(resolved)="<IDEProvisioningDisambiguatableBasicTeam: 0x60000003b2c0; teamID='9C37K4RXVX', teamName='Shaun Sumaru', teamType='Individual', username='shaun.sumaru@gmail.com', isFreeProvisioningTeam='0'>">
	Chain (16, self inclusive):
	<IDEDistributionProcessingPipelineContext: 0x7ff2038a0e70; archive = "<IDEArchive: 0x60000f500b60>", distributionMethod="<IDEDistributionMethodiOSAdHoc: 0x600009e63be0>", team="<IDEProvisioningDisambiguatableBasicTeam: 0x60000003b2c0; teamID='9C37K4RXVX', teamName='Shaun Sumaru', teamType='Individual', username='shaun.sumaru@gmail.com', isFreeProvisioningTeam='0'>">
	<IDEDistributionProcessingPipelineContext: 0x7ff203786cf0; archive = "<IDEArchive: 0x60000f500b60>", distributionMethod="<IDEDistributionMethodiOSAdHoc: 0x600009e63be0>", team="<IDEProvisioningDisambiguatableBasicTeam: 0x60000003b2c0; teamID='9C37K4RXVX', teamName='Shaun Sumaru', teamType='Individual', username='shaun.sumaru@gmail.com', isFreeProvisioningTeam='0'>">
	<IDEDistributionContext: 0x7ff203a2e9f0; archive = "<IDEArchive: 0x60000f500b60>", distributionMethod="<IDEDistributionMethodiOSAdHoc: 0x600009e63be0>", team="<IDEProvisioningDisambiguatableBasicTeam: 0x60000003b2c0; teamID='9C37K4RXVX', teamName='Shaun Sumaru', teamType='Individual', username='shaun.sumaru@gmail.com', isFreeProvisioningTeam='0'>">
	<IDEDistributionContext: 0x7ff203a20880; archive = "<IDEArchive: 0x60000f500b60>", distributionMethod="<IDEDistributionMethodiOSAdHoc: 0x600009e63be0>", team="<IDEProvisioningDisambiguatableBasicTeam: 0x60000003b2c0; teamID='9C37K4RXVX', teamName='Shaun Sumaru', teamType='Individual', username='shaun.sumaru@gmail.com', isFreeProvisioningTeam='0'>">
	<IDEDistributionContext: 0x7ff203a22940; archive = "<IDEArchive: 0x60000f500b60>", distributionMethod="<IDEDistributionMethodiOSAdHoc: 0x600009e63be0>", team="<IDEProvisioningDisambiguatableBasicTeam: 0x60000003b2c0; teamID='9C37K4RXVX', teamName='Shaun Sumaru', teamType='Individual', username='shaun.sumaru@gmail.com', isFreeProvisioningTeam='0'>">
	<IDEDistributionContext: 0x7ff203a33490; archive = "<IDEArchive: 0x60000f500b60>", distributionMethod="<IDEDistributionMethodiOSAdHoc: 0x600009e63be0>", team="<IDEProvisioningDisambiguatableBasicTeam: 0x60000003b2c0; teamID='9C37K4RXVX', teamName='Shaun Sumaru', teamType='Individual', username='shaun.sumaru@gmail.com', isFreeProvisioningTeam='0'>">
	<IDEDistributionContext: 0x7ff203a204b0; archive = "<IDEArchive: 0x60000f500b60>", distributionMethod="<IDEDistributionMethodiOSAdHoc: 0x600009e63be0>", team="<IDEProvisioningDisambiguatableBasicTeam: 0x60000003b2c0; teamID='9C37K4RXVX', teamName='Shaun Sumaru', teamType='Individual', username='shaun.sumaru@gmail.com', isFreeProvisioningTeam='0'>">
	<IDEDistributionContext: 0x7ff203a29730; archive = "<IDEArchive: 0x60000f500b60>", distributionMethod="<IDEDistributionMethodiOSAdHoc: 0x600009e63be0>", team="<IDEProvisioningDisambiguatableBasicTeam: 0x60000003b2c0; teamID='9C37K4RXVX', teamName='Shaun Sumaru', teamType='Individual', username='shaun.sumaru@gmail.com', isFreeProvisioningTeam='0'>">
	<IDEDistributionContext: 0x7ff1f6abbcb0; archive = "<IDEArchive: 0x60000f500b60>", distributionMethod="<IDEDistributionMethodiOSAdHoc: 0x600009e63be0>", team="<IDEProvisioningDisambiguatableBasicTeam: 0x60000003b2c0; teamID='9C37K4RXVX', teamName='Shaun Sumaru', teamType='Individual', username='shaun.sumaru@gmail.com', isFreeProvisioningTeam='0'>">
	<IDEDistributionContext: 0x7ff23397fc20; archive = "<IDEArchive: 0x60000f500b60>", distributionMethod="<IDEDistributionMethodiOSAdHoc: 0x600009e63be0>", team="(null)">
	<IDEDistributionContext: 0x7ff203a2b3a0; archive = "<IDEArchive: 0x60000f500b60>", distributionMethod="<IDEDistributionMethodiOSAdHoc: 0x600009e63be0>", team="(null)">
	<IDEDistributionContext: 0x7ff1f6ae8410; archive = "<IDEArchive: 0x60000f500b60>", distributionMethod="<IDEDistributionMethodiOSAdHoc: 0x600009e63be0>", team="(null)">
	<IDEDistributionContext: 0x7ff2035ea370; archive = "<IDEArchive: 0x60000f500b60>", distributionMethod="<IDEDistributionMethodiOSAdHoc: 0x600009e63be0>", team="(null)">
	<IDEDistributionContext: 0x7ff203c1eaf0; archive = "<IDEArchive: 0x60000f500b60>", distributionMethod="(null)", team="(null)">
	<IDEDistributionContext: 0x7ff2034284f0; archive = "<IDEArchive: 0x60000f500b60>", distributionMethod="(null)", team="(null)">
	<IDEDistributionContext: 0x7ff2841b2510; archive = "<IDEArchive: 0x60000f500b60>", distributionMethod="(null)", team="(null)">
</IDEDistributionProcessingPipelineContext: 0x7ff2038a0e70>
2025-11-13 13:12:28 +0000  Processing step: IDEDistributionCreateDestRootStep
2025-11-13 13:12:28 +0000  Processing step: IDEDistributionCopyItemStep
2025-11-13 13:12:28 +0000  Running /usr/bin/ditto '-V' '/Users/mac/Library/Developer/Xcode/Archives/2025-11-13/FlyingKiwi 13-11-2025, 5.11 AM.xcarchive/Products/Applications/FlyingKiwi.app' '/var/folders/dt/tv16btj134x0039m9vw552380000gn/T/XcodeDistPipeline.~~~gm5olv/Root/Payload/FlyingKiwi.app'
2025-11-13 13:12:28 +0000  >>> Copying /Users/mac/Library/Developer/Xcode/Archives/2025-11-13/FlyingKiwi 13-11-2025, 5.11 AM.xcarchive/Products/Applications/FlyingKiwi.app 
2025-11-13 13:12:28 +0000  copying file ./_CodeSignature/CodeResources ... 
2025-11-13 13:12:28 +0000  29803 bytes for ./_CodeSignature/CodeResources
2025-11-13 13:12:28 +0000  copying file ./Fontisto.ttf ... 
2025-11-13 13:12:28 +0000  313528 bytes for ./Fontisto.ttf
copying file ./Octicons.ttf ... 
2025-11-13 13:12:28 +0000  49404 bytes for ./Octicons.ttf
copying file ./Feather.ttf ... 
2025-11-13 13:12:28 +0000  56228 bytes for ./Feather.ttf
2025-11-13 13:12:28 +0000  copying file ./SplashScreen.storyboardc/EXPO-VIEWCONTROLLER-1-view-EXPO-ContainerView.nib ... 
2025-11-13 13:12:28 +0000  2143 bytes for ./SplashScreen.storyboardc/EXPO-VIEWCONTROLLER-1-view-EXPO-ContainerView.nib
2025-11-13 13:12:28 +0000  copying file ./SplashScreen.storyboardc/SplashScreenViewController.nib ... 
2025-11-13 13:12:28 +0000  1004 bytes for ./SplashScreen.storyboardc/SplashScreenViewController.nib
2025-11-13 13:12:28 +0000  copying file ./SplashScreen.storyboardc/Info.plist ... 
2025-11-13 13:12:28 +0000  225 bytes for ./SplashScreen.storyboardc/Info.plist
2025-11-13 13:12:28 +0000  copying file ./FontAwesome6_Regular.ttf ... 
2025-11-13 13:12:28 +0000  67976 bytes for ./FontAwesome6_Regular.ttf
copying file ./Entypo.ttf ... 
2025-11-13 13:12:28 +0000  66200 bytes for ./Entypo.ttf
2025-11-13 13:12:28 +0000  copying file ./FontAwesome5_Brands.ttf ... 
2025-11-13 13:12:28 +0000  134040 bytes for ./FontAwesome5_Brands.ttf
copying file ./MaterialCommunityIcons.ttf ... 
2025-11-13 13:12:28 +0000  1147844 bytes for ./MaterialCommunityIcons.ttf
2025-11-13 13:12:28 +0000  copying file ./ExpoConstants_privacy.bundle/PrivacyInfo.xcprivacy ... 
2025-11-13 13:12:28 +0000  607 bytes for ./ExpoConstants_privacy.bundle/PrivacyInfo.xcprivacy
copying file ./ExpoConstants_privacy.bundle/Info.plist ... 
2025-11-13 13:12:28 +0000  793 bytes for ./ExpoConstants_privacy.bundle/Info.plist
2025-11-13 13:12:28 +0000  copying file ./AntDesign.ttf ... 
2025-11-13 13:12:28 +0000  70344 bytes for ./AntDesign.ttf
copying file ./Foundation.ttf ... 
2025-11-13 13:12:28 +0000  56976 bytes for ./Foundation.ttf
copying file ./Ionicons.ttf ... 
2025-11-13 13:12:28 +0000  442604 bytes for ./Ionicons.ttf
copying file ./FontAwesome5_Solid.ttf ... 
2025-11-13 13:12:28 +0000  202744 bytes for ./FontAwesome5_Solid.ttf
copying file ./FontAwesome5_Regular.ttf ... 
2025-11-13 13:12:28 +0000  33736 bytes for ./FontAwesome5_Regular.ttf
2025-11-13 13:12:28 +0000  copying file ./React-cxxreact_privacy.bundle/PrivacyInfo.xcprivacy ... 
2025-11-13 13:12:28 +0000  552 bytes for ./React-cxxreact_privacy.bundle/PrivacyInfo.xcprivacy
copying file ./React-cxxreact_privacy.bundle/Info.plist ... 
2025-11-13 13:12:28 +0000  794 bytes for ./React-cxxreact_privacy.bundle/Info.plist
2025-11-13 13:12:28 +0000  copying file ./FontAwesome.ttf ... 
2025-11-13 13:12:28 +0000  165548 bytes for ./FontAwesome.ttf
2025-11-13 13:12:28 +0000  copying file ./Zocial.ttf ... 
2025-11-13 13:12:28 +0000  25788 bytes for ./Zocial.ttf
copying file ./Assets.car ... 
2025-11-13 13:12:28 +0000  80335 bytes for ./Assets.car
copying file ./EvilIcons.ttf ... 
2025-11-13 13:12:28 +0000  13456 bytes for ./EvilIcons.ttf
copying file ./main.jsbundle ... 
2025-11-13 13:12:28 +0000  5149288 bytes for ./main.jsbundle
2025-11-13 13:12:28 +0000  copying file ./EXConstants.bundle/app.config ... 
111 bytes for ./EXConstants.bundle/app.config
copying file ./EXConstants.bundle/Info.plist ... 
2025-11-13 13:12:28 +0000  771 bytes for ./EXConstants.bundle/Info.plist
2025-11-13 13:12:28 +0000  copying file ./FontAwesome6_Solid.ttf ... 
2025-11-13 13:12:28 +0000  423676 bytes for ./FontAwesome6_Solid.ttf
copying file ./PrivacyInfo.xcprivacy ... 
2025-11-13 13:12:28 +0000  1283 bytes for ./PrivacyInfo.xcprivacy
2025-11-13 13:12:28 +0000  copying file ./RNSVGFilters.bundle/RNSVGArithmeticFilter.iphoneos.metallib ... 
2025-11-13 13:12:28 +0000  3993 bytes for ./RNSVGFilters.bundle/RNSVGArithmeticFilter.iphoneos.metallib
2025-11-13 13:12:28 +0000  copying file ./RNSVGFilters.bundle/RNSVGCompositeXor.iphoneos.metallib ... 
2025-11-13 13:12:28 +0000  3509 bytes for ./RNSVGFilters.bundle/RNSVGCompositeXor.iphoneos.metallib
2025-11-13 13:12:28 +0000  copying file ./RNSVGFilters.bundle/Info.plist ... 
2025-11-13 13:12:28 +0000  773 bytes for ./RNSVGFilters.bundle/Info.plist
2025-11-13 13:12:28 +0000  copying file ./ExpoFileSystem_privacy.bundle/PrivacyInfo.xcprivacy ... 
2025-11-13 13:12:28 +0000  877 bytes for ./ExpoFileSystem_privacy.bundle/PrivacyInfo.xcprivacy
2025-11-13 13:12:28 +0000  copying file ./ExpoFileSystem_privacy.bundle/Info.plist ... 
2025-11-13 13:12:28 +0000  795 bytes for ./ExpoFileSystem_privacy.bundle/Info.plist
2025-11-13 13:12:28 +0000  copying file ./Frameworks/React.framework/_CodeSignature/CodeResources ... 
2025-11-13 13:12:28 +0000  1798 bytes for ./Frameworks/React.framework/_CodeSignature/CodeResources
2025-11-13 13:12:28 +0000  copying file ./Frameworks/React.framework/React ... 
2025-11-13 13:12:28 +0000  11371968 bytes for ./Frameworks/React.framework/React
2025-11-13 13:12:28 +0000  copying file ./Frameworks/React.framework/Info.plist ... 
749 bytes for ./Frameworks/React.framework/Info.plist
copying file ./Frameworks/ReactNativeDependencies.framework/_CodeSignature/CodeResources ... 
2025-11-13 13:12:28 +0000  3548 bytes for ./Frameworks/ReactNativeDependencies.framework/_CodeSignature/CodeResources
2025-11-13 13:12:28 +0000  copying file ./Frameworks/ReactNativeDependencies.framework/ReactNativeDependencies_folly.bundle/PrivacyInfo.xcprivacy ... 
2025-11-13 13:12:28 +0000  552 bytes for ./Frameworks/ReactNativeDependencies.framework/ReactNativeDependencies_folly.bundle/PrivacyInfo.xcprivacy
copying file ./Frameworks/ReactNativeDependencies.framework/ReactNativeDependencies_folly.bundle/Info.plist ... 
2025-11-13 13:12:28 +0000  690 bytes for ./Frameworks/ReactNativeDependencies.framework/ReactNativeDependencies_folly.bundle/Info.plist
2025-11-13 13:12:28 +0000  copying file ./Frameworks/ReactNativeDependencies.framework/ReactNativeDependencies ... 
2025-11-13 13:12:28 +0000  1287280 bytes for ./Frameworks/ReactNativeDependencies.framework/ReactNativeDependencies
2025-11-13 13:12:28 +0000  copying file ./Frameworks/ReactNativeDependencies.framework/ReactNativeDependencies_glog.bundle/PrivacyInfo.xcprivacy ... 
2025-11-13 13:12:28 +0000  552 bytes for ./Frameworks/ReactNativeDependencies.framework/ReactNativeDependencies_glog.bundle/PrivacyInfo.xcprivacy
copying file ./Frameworks/ReactNativeDependencies.framework/ReactNativeDependencies_glog.bundle/Info.plist ... 
2025-11-13 13:12:28 +0000  688 bytes for ./Frameworks/ReactNativeDependencies.framework/ReactNativeDependencies_glog.bundle/Info.plist
2025-11-13 13:12:28 +0000  copying file ./Frameworks/ReactNativeDependencies.framework/ReactNativeDependencies_boost.bundle/PrivacyInfo.xcprivacy ... 
2025-11-13 13:12:28 +0000  776 bytes for ./Frameworks/ReactNativeDependencies.framework/ReactNativeDependencies_boost.bundle/PrivacyInfo.xcprivacy
2025-11-13 13:12:28 +0000  copying file ./Frameworks/ReactNativeDependencies.framework/ReactNativeDependencies_boost.bundle/Info.plist ... 
2025-11-13 13:12:28 +0000  690 bytes for ./Frameworks/ReactNativeDependencies.framework/ReactNativeDependencies_boost.bundle/Info.plist
2025-11-13 13:12:28 +0000  copying file ./Frameworks/ReactNativeDependencies.framework/Info.plist ... 
2025-11-13 13:12:28 +0000  782 bytes for ./Frameworks/ReactNativeDependencies.framework/Info.plist
2025-11-13 13:12:28 +0000  copying file ./Frameworks/hermes.framework/_CodeSignature/CodeResources ... 
2025-11-13 13:12:28 +0000  1798 bytes for ./Frameworks/hermes.framework/_CodeSignature/CodeResources
2025-11-13 13:12:28 +0000  copying file ./Frameworks/hermes.framework/hermes ... 
2025-11-13 13:12:28 +0000  4755616 bytes for ./Frameworks/hermes.framework/hermes
2025-11-13 13:12:28 +0000  copying file ./Frameworks/hermes.framework/Info.plist ... 
859 bytes for ./Frameworks/hermes.framework/Info.plist
copying file ./SimpleLineIcons.ttf ... 
2025-11-13 13:12:28 +0000  54056 bytes for ./SimpleLineIcons.ttf
copying file ./FontAwesome6_Brands.ttf ... 
2025-11-13 13:12:28 +0000  209376 bytes for ./FontAwesome6_Brands.ttf
copying file ./embedded.mobileprovision ... 
2025-11-13 13:12:28 +0000  16952 bytes for ./embedded.mobileprovision
2025-11-13 13:12:28 +0000  copying file ./assets/node_modules/@react-navigation/elements/lib/module/assets/back-icon@3x.png ... 
2025-11-13 13:12:28 +0000  761 bytes for ./assets/node_modules/@react-navigation/elements/lib/module/assets/back-icon@3x.png
2025-11-13 13:12:28 +0000  copying file ./assets/node_modules/@react-navigation/elements/lib/module/assets/back-icon@2x.png ... 
2025-11-13 13:12:28 +0000  405 bytes for ./assets/node_modules/@react-navigation/elements/lib/module/assets/back-icon@2x.png
copying file ./assets/node_modules/@react-navigation/elements/lib/module/assets/search-icon@2x.png ... 
2025-11-13 13:12:28 +0000  589 bytes for ./assets/node_modules/@react-navigation/elements/lib/module/assets/search-icon@2x.png
2025-11-13 13:12:28 +0000  copying file ./assets/node_modules/@react-navigation/elements/lib/module/assets/clear-icon@3x.png ... 
2025-11-13 13:12:28 +0000  502 bytes for ./assets/node_modules/@react-navigation/elements/lib/module/assets/clear-icon@3x.png
2025-11-13 13:12:28 +0000  copying file ./assets/node_modules/@react-navigation/elements/lib/module/assets/back-icon.png ... 
2025-11-13 13:12:28 +0000  290 bytes for ./assets/node_modules/@react-navigation/elements/lib/module/assets/back-icon.png
copying file ./assets/node_modules/@react-navigation/elements/lib/module/assets/clear-icon@2x.png ... 
2025-11-13 13:12:28 +0000  334 bytes for ./assets/node_modules/@react-navigation/elements/lib/module/assets/clear-icon@2x.png
2025-11-13 13:12:28 +0000  copying file ./assets/node_modules/@react-navigation/elements/lib/module/assets/search-icon@3x.png ... 
2025-11-13 13:12:28 +0000  839 bytes for ./assets/node_modules/@react-navigation/elements/lib/module/assets/search-icon@3x.png
2025-11-13 13:12:28 +0000  copying file ./assets/node_modules/@react-navigation/elements/lib/module/assets/close-icon.png ... 
2025-11-13 13:12:28 +0000  141 bytes for ./assets/node_modules/@react-navigation/elements/lib/module/assets/close-icon.png
copying file ./assets/node_modules/@react-navigation/elements/lib/module/assets/back-icon-mask.png ... 
2025-11-13 13:12:28 +0000  653 bytes for ./assets/node_modules/@react-navigation/elements/lib/module/assets/back-icon-mask.png
copying file ./assets/node_modules/@react-navigation/elements/lib/module/assets/close-icon@2x.png ... 
2025-11-13 13:12:28 +0000  201 bytes for ./assets/node_modules/@react-navigation/elements/lib/module/assets/close-icon@2x.png
2025-11-13 13:12:28 +0000  copying file ./assets/node_modules/@react-navigation/elements/lib/module/assets/close-icon@3x.png ... 
2025-11-13 13:12:28 +0000  266 bytes for ./assets/node_modules/@react-navigation/elements/lib/module/assets/close-icon@3x.png
copying file ./assets/node_modules/@react-navigation/elements/lib/module/assets/clear-icon.png ... 
2025-11-13 13:12:28 +0000  220 bytes for ./assets/node_modules/@react-navigation/elements/lib/module/assets/clear-icon.png
copying file ./assets/node_modules/@react-navigation/elements/lib/module/assets/search-icon.png ... 
2025-11-13 13:12:28 +0000  317 bytes for ./assets/node_modules/@react-navigation/elements/lib/module/assets/search-icon.png
2025-11-13 13:12:28 +0000  copying file ./assets/node_modules/expo/node_modules/@expo/vector-icons/build/vendor/react-native-vector-icons/Fonts/Fontisto.ttf ... 
2025-11-13 13:12:28 +0000  313528 bytes for ./assets/node_modules/expo/node_modules/@expo/vector-icons/build/vendor/react-native-vector-icons/Fonts/Fontisto.ttf
2025-11-13 13:12:28 +0000  copying file ./assets/node_modules/expo/node_modules/@expo/vector-icons/build/vendor/react-native-vector-icons/Fonts/Octicons.ttf ... 
2025-11-13 13:12:28 +0000  69436 bytes for ./assets/node_modules/expo/node_modules/@expo/vector-icons/build/vendor/react-native-vector-icons/Fonts/Octicons.ttf
2025-11-13 13:12:28 +0000  copying file ./assets/node_modules/expo/node_modules/@expo/vector-icons/build/vendor/react-native-vector-icons/Fonts/Feather.ttf ... 
2025-11-13 13:12:28 +0000  55596 bytes for ./assets/node_modules/expo/node_modules/@expo/vector-icons/build/vendor/react-native-vector-icons/Fonts/Feather.ttf
copying file ./assets/node_modules/expo/node_modules/@expo/vector-icons/build/vendor/react-native-vector-icons/Fonts/FontAwesome6_Regular.ttf ... 
2025-11-13 13:12:28 +0000  67976 bytes for ./assets/node_modules/expo/node_modules/@expo/vector-icons/build/vendor/react-native-vector-icons/Fonts/FontAwesome6_Regular.ttf
2025-11-13 13:12:28 +0000  copying file ./assets/node_modules/expo/node_modules/@expo/vector-icons/build/vendor/react-native-vector-icons/Fonts/Entypo.ttf ... 
2025-11-13 13:12:28 +0000  66200 bytes for ./assets/node_modules/expo/node_modules/@expo/vector-icons/build/vendor/react-native-vector-icons/Fonts/Entypo.ttf
2025-11-13 13:12:28 +0000  copying file ./assets/node_modules/expo/node_modules/@expo/vector-icons/build/vendor/react-native-vector-icons/Fonts/FontAwesome5_Brands.ttf ... 
2025-11-13 13:12:28 +0000  134040 bytes for ./assets/node_modules/expo/node_modules/@expo/vector-icons/build/vendor/react-native-vector-icons/Fonts/FontAwesome5_Brands.ttf
2025-11-13 13:12:28 +0000  copying file ./assets/node_modules/expo/node_modules/@expo/vector-icons/build/vendor/react-native-vector-icons/Fonts/MaterialCommunityIcons.ttf ... 
2025-11-13 13:12:28 +0000  1307660 bytes for ./assets/node_modules/expo/node_modules/@expo/vector-icons/build/vendor/react-native-vector-icons/Fonts/MaterialCommunityIcons.ttf
2025-11-13 13:12:28 +0000  copying file ./assets/node_modules/expo/node_modules/@expo/vector-icons/build/vendor/react-native-vector-icons/Fonts/AntDesign.ttf ... 
2025-11-13 13:12:28 +0000  130484 bytes for ./assets/node_modules/expo/node_modules/@expo/vector-icons/build/vendor/react-native-vector-icons/Fonts/AntDesign.ttf
2025-11-13 13:12:28 +0000  copying file ./assets/node_modules/expo/node_modules/@expo/vector-icons/build/vendor/react-native-vector-icons/Fonts/Foundation.ttf ... 
2025-11-13 13:12:28 +0000  56976 bytes for ./assets/node_modules/expo/node_modules/@expo/vector-icons/build/vendor/react-native-vector-icons/Fonts/Foundation.ttf
2025-11-13 13:12:28 +0000  copying file ./assets/node_modules/expo/node_modules/@expo/vector-icons/build/vendor/react-native-vector-icons/Fonts/Ionicons.ttf ... 
2025-11-13 13:12:28 +0000  389724 bytes for ./assets/node_modules/expo/node_modules/@expo/vector-icons/build/vendor/react-native-vector-icons/Fonts/Ionicons.ttf
2025-11-13 13:12:28 +0000  copying file ./assets/node_modules/expo/node_modules/@expo/vector-icons/build/vendor/react-native-vector-icons/Fonts/FontAwesome5_Solid.ttf ... 
2025-11-13 13:12:28 +0000  202744 bytes for ./assets/node_modules/expo/node_modules/@expo/vector-icons/build/vendor/react-native-vector-icons/Fonts/FontAwesome5_Solid.ttf
2025-11-13 13:12:28 +0000  copying file ./assets/node_modules/expo/node_modules/@expo/vector-icons/build/vendor/react-native-vector-icons/Fonts/FontAwesome5_Regular.ttf ... 
2025-11-13 13:12:28 +0000  33736 bytes for ./assets/node_modules/expo/node_modules/@expo/vector-icons/build/vendor/react-native-vector-icons/Fonts/FontAwesome5_Regular.ttf
2025-11-13 13:12:28 +0000  copying file ./assets/node_modules/expo/node_modules/@expo/vector-icons/build/vendor/react-native-vector-icons/Fonts/FontAwesome.ttf ... 
2025-11-13 13:12:28 +0000  165548 bytes for ./assets/node_modules/expo/node_modules/@expo/vector-icons/build/vendor/react-native-vector-icons/Fonts/FontAwesome.ttf
2025-11-13 13:12:28 +0000  copying file ./assets/node_modules/expo/node_modules/@expo/vector-icons/build/vendor/react-native-vector-icons/Fonts/Zocial.ttf ... 
2025-11-13 13:12:28 +0000  25788 bytes for ./assets/node_modules/expo/node_modules/@expo/vector-icons/build/vendor/react-native-vector-icons/Fonts/Zocial.ttf
copying file ./assets/node_modules/expo/node_modules/@expo/vector-icons/build/vendor/react-native-vector-icons/Fonts/EvilIcons.ttf ... 
2025-11-13 13:12:28 +0000  13456 bytes for ./assets/node_modules/expo/node_modules/@expo/vector-icons/build/vendor/react-native-vector-icons/Fonts/EvilIcons.ttf
copying file ./assets/node_modules/expo/node_modules/@expo/vector-icons/build/vendor/react-native-vector-icons/Fonts/FontAwesome6_Solid.ttf ... 
2025-11-13 13:12:28 +0000  423676 bytes for ./assets/node_modules/expo/node_modules/@expo/vector-icons/build/vendor/react-native-vector-icons/Fonts/FontAwesome6_Solid.ttf
2025-11-13 13:12:28 +0000  copying file ./assets/node_modules/expo/node_modules/@expo/vector-icons/build/vendor/react-native-vector-icons/Fonts/SimpleLineIcons.ttf ... 
2025-11-13 13:12:28 +0000  54056 bytes for ./assets/node_modules/expo/node_modules/@expo/vector-icons/build/vendor/react-native-vector-icons/Fonts/SimpleLineIcons.ttf
copying file ./assets/node_modules/expo/node_modules/@expo/vector-icons/build/vendor/react-native-vector-icons/Fonts/FontAwesome6_Brands.ttf ... 
2025-11-13 13:12:28 +0000  209376 bytes for ./assets/node_modules/expo/node_modules/@expo/vector-icons/build/vendor/react-native-vector-icons/Fonts/FontAwesome6_Brands.ttf
copying file ./assets/node_modules/expo/node_modules/@expo/vector-icons/build/vendor/react-native-vector-icons/Fonts/MaterialIcons.ttf ... 
2025-11-13 13:12:28 +0000  356840 bytes for ./assets/node_modules/expo/node_modules/@expo/vector-icons/build/vendor/react-native-vector-icons/Fonts/MaterialIcons.ttf
2025-11-13 13:12:28 +0000  copying file ./assets/assets/finger_print.png ... 
2025-11-13 13:12:28 +0000  1291 bytes for ./assets/assets/finger_print.png
2025-11-13 13:12:28 +0000  copying file ./FlyingKiwi ... 
2025-11-13 13:12:28 +0000  5220208 bytes for ./FlyingKiwi
copying file ./Info.plist ... 
2025-11-13 13:12:28 +0000  1320 bytes for ./Info.plist
copying file ./Expo.plist ... 
42 bytes for ./Expo.plist
2025-11-13 13:12:28 +0000  copying file ./RNCAsyncStorage_resources.bundle/PrivacyInfo.xcprivacy ... 
2025-11-13 13:12:28 +0000  512 bytes for ./RNCAsyncStorage_resources.bundle/PrivacyInfo.xcprivacy
copying file ./RNCAsyncStorage_resources.bundle/Info.plist ... 
2025-11-13 13:12:28 +0000  799 bytes for ./RNCAsyncStorage_resources.bundle/Info.plist
2025-11-13 13:12:28 +0000  copying file ./PkgInfo ... 
2025-11-13 13:12:28 +0000  8 bytes for ./PkgInfo
2025-11-13 13:12:28 +0000  copying file ./MaterialIcons.ttf ... 
2025-11-13 13:12:28 +0000  356840 bytes for ./MaterialIcons.ttf
2025-11-13 13:12:28 +0000  copying file ./React-Core_privacy.bundle/PrivacyInfo.xcprivacy ... 
2025-11-13 13:12:28 +0000  768 bytes for ./React-Core_privacy.bundle/PrivacyInfo.xcprivacy
2025-11-13 13:12:28 +0000  copying file ./React-Core_privacy.bundle/Info.plist ... 
2025-11-13 13:12:28 +0000  786 bytes for ./React-Core_privacy.bundle/Info.plist
2025-11-13 13:12:28 +0000  /usr/bin/ditto exited with 0
2025-11-13 13:12:28 +0000  Processing step: IDEDistributionEmbedProfileStep
2025-11-13 13:12:28 +0000  Skipping profile for item: <IDEDistributionItem: 0x60001b8490e0; bundleID='react-native.React', path='<DVTFilePath:0x6000176e8a20:'/Users/mac/Library/Developer/Xcode/Archives/2025-11-13/FlyingKiwi 13-11-2025, 5.11 AM.xcarchive/Products/Applications/FlyingKiwi.app/Frameworks/React.framework'>', codeSigningInfo='<_DVTCodeSigningInformation_Path: 0x600017d9db80; isSigned='1', isAdHocSigned='0', signingCertificate='<DVTSigningCertificate: 0x600006673900; name='Apple Development: Shaun Sumaru (79PU8HW5C8)', hash='E6F633C0C36E3A2E510442CE09DABF86E302A788', serialNumber='1E4B6DCBF1820275004D8C3F0FF4818C', certificateKinds='(
    "1.2.840.113635.100.6.1.12",
    "1.2.840.113635.100.6.1.2"
), issueDate='2025-10-09 07:33:01 +0000''>', entitlements='(null)', teamID='9C37K4RXVX', identifier='react-native.React', executablePath='<DVTFilePath:0x6000176ea220:'/Users/mac/Library/Developer/Xcode/Archives/2025-11-13/FlyingKiwi 13-11-2025, 5.11 AM.xcarchive/Products/Applications/FlyingKiwi.app/Frameworks/React.framework/React'>', hardenedRuntime='0'>'>
2025-11-13 13:12:28 +0000  Skipping profile for item: <IDEDistributionItem: 0x6000176fe8e0; bundleID='third-party.ReactNativeDependencies', path='<DVTFilePath:0x60000f273d80:'/Users/mac/Library/Developer/Xcode/Archives/2025-11-13/FlyingKiwi 13-11-2025, 5.11 AM.xcarchive/Products/Applications/FlyingKiwi.app/Frameworks/ReactNativeDependencies.framework'>', codeSigningInfo='<_DVTCodeSigningInformation_Path: 0x600017d9dc70; isSigned='1', isAdHocSigned='0', signingCertificate='<DVTSigningCertificate: 0x600006673900; name='Apple Development: Shaun Sumaru (79PU8HW5C8)', hash='E6F633C0C36E3A2E510442CE09DABF86E302A788', serialNumber='1E4B6DCBF1820275004D8C3F0FF4818C', certificateKinds='(
    "1.2.840.113635.100.6.1.12",
    "1.2.840.113635.100.6.1.2"
), issueDate='2025-10-09 07:33:01 +0000''>', entitlements='(null)', teamID='9C37K4RXVX', identifier='third-party.ReactNativeDependencies', executablePath='<DVTFilePath:0x60000f509810:'/Users/mac/Library/Developer/Xcode/Archives/2025-11-13/FlyingKiwi 13-11-2025, 5.11 AM.xcarchive/Products/Applications/FlyingKiwi.app/Frameworks/ReactNativeDependencies.framework/ReactNativeDependencies'>', hardenedRuntime='0'>'>
2025-11-13 13:12:28 +0000  Skipping profile for item: <IDEDistributionItem: 0x60001b852ee0; bundleID='dev.hermesengine.iphoneos', path='<DVTFilePath:0x60000f45e1b0:'/Users/mac/Library/Developer/Xcode/Archives/2025-11-13/FlyingKiwi 13-11-2025, 5.11 AM.xcarchive/Products/Applications/FlyingKiwi.app/Frameworks/hermes.framework'>', codeSigningInfo='<_DVTCodeSigningInformation_Path: 0x600017df5bd0; isSigned='1', isAdHocSigned='0', signingCertificate='<DVTSigningCertificate: 0x600006600780; name='Apple Development: Shaun Sumaru (79PU8HW5C8)', hash='E6F633C0C36E3A2E510442CE09DABF86E302A788', serialNumber='1E4B6DCBF1820275004D8C3F0FF4818C', certificateKinds='(
    "1.2.840.113635.100.6.1.12",
    "1.2.840.113635.100.6.1.2"
), issueDate='2025-10-09 07:33:01 +0000''>', entitlements='(null)', teamID='9C37K4RXVX', identifier='dev.hermesengine.iphoneos', executablePath='<DVTFilePath:0x6000176e8f00:'/Users/mac/Library/Developer/Xcode/Archives/2025-11-13/FlyingKiwi 13-11-2025, 5.11 AM.xcarchive/Products/Applications/FlyingKiwi.app/Frameworks/hermes.framework/hermes'>', hardenedRuntime='0'>'>
2025-11-13 13:12:28 +0000  Processing step: IDEDistributionInfoPlistStep
2025-11-13 13:12:28 +0000  Skipping step: IDEDistributionInfoPlistStep because it said so
2025-11-13 13:12:28 +0000  Skipping step: IDEDistributionInfoPlistStep because it said so
2025-11-13 13:12:28 +0000  Skipping step: IDEDistributionInfoPlistStep because it said so
2025-11-13 13:12:28 +0000  Skipping step: IDEDistributionInfoPlistStep because it said so
2025-11-13 13:12:28 +0000  Processing step: IDEDistributionAppThinningPlistStep
2025-11-13 13:12:28 +0000  Skipping step: IDEDistributionAppThinningPlistStep because it said so
2025-11-13 13:12:28 +0000  Processing step: IDEDistributionSymbolsStep
2025-11-13 13:12:28 +0000  Skipping step: IDEDistributionSymbolsStep because it said so
2025-11-13 13:12:28 +0000  Processing step: IDEDistributionAppThinningStep
2025-11-13 13:12:28 +0000  Skipping step: IDEDistributionAppThinningStep because it said so
2025-11-13 13:12:28 +0000  Processing step: IDEDistributionArchThinningStep
2025-11-13 13:12:28 +0000  Item /Users/mac/Library/Developer/Xcode/Archives/2025-11-13/FlyingKiwi 13-11-2025, 5.11 AM.xcarchive/Products/Applications/FlyingKiwi.app/Frameworks/React.framework doesn't have the entitlement com.apple.developer.web-browser-engine.host enabled, returning ["arm64e"]
2025-11-13 13:12:28 +0000  Archs to thin for item /Users/mac/Library/Developer/Xcode/Archives/2025-11-13/FlyingKiwi 13-11-2025, 5.11 AM.xcarchive/Products/Applications/FlyingKiwi.app/Frameworks/React.framework are ["arm64e"]
2025-11-13 13:12:28 +0000  Running /Applications/Xcode.app/Contents/Developer/Toolchains/XcodeDefault.xctoolchain/usr/bin/lipo '/var/folders/dt/tv16btj134x0039m9vw552380000gn/T/XcodeDistPipeline.~~~gm5olv/Root/Payload/FlyingKiwi.app/Frameworks/React.framework/React' '-verify_arch' 'arm64e'
2025-11-13 13:12:28 +0000  /Applications/Xcode.app/Contents/Developer/Toolchains/XcodeDefault.xctoolchain/usr/bin/lipo exited with 1
2025-11-13 13:12:28 +0000  Skipping architecture thinning for item "React" because arch "arm64e" wasn't found
2025-11-13 13:12:28 +0000  Item /Users/mac/Library/Developer/Xcode/Archives/2025-11-13/FlyingKiwi 13-11-2025, 5.11 AM.xcarchive/Products/Applications/FlyingKiwi.app/Frameworks/ReactNativeDependencies.framework doesn't have the entitlement com.apple.developer.web-browser-engine.host enabled, returning ["arm64e"]
2025-11-13 13:12:28 +0000  Archs to thin for item /Users/mac/Library/Developer/Xcode/Archives/2025-11-13/FlyingKiwi 13-11-2025, 5.11 AM.xcarchive/Products/Applications/FlyingKiwi.app/Frameworks/ReactNativeDependencies.framework are ["arm64e"]
2025-11-13 13:12:28 +0000  Running /Applications/Xcode.app/Contents/Developer/Toolchains/XcodeDefault.xctoolchain/usr/bin/lipo '/var/folders/dt/tv16btj134x0039m9vw552380000gn/T/XcodeDistPipeline.~~~gm5olv/Root/Payload/FlyingKiwi.app/Frameworks/ReactNativeDependencies.framework/ReactNativeDependencies' '-verify_arch' 'arm64e'
2025-11-13 13:12:28 +0000  /Applications/Xcode.app/Contents/Developer/Toolchains/XcodeDefault.xctoolchain/usr/bin/lipo exited with 1
2025-11-13 13:12:28 +0000  Skipping architecture thinning for item "ReactNativeDependencies" because arch "arm64e" wasn't found
2025-11-13 13:12:28 +0000  Item /Users/mac/Library/Developer/Xcode/Archives/2025-11-13/FlyingKiwi 13-11-2025, 5.11 AM.xcarchive/Products/Applications/FlyingKiwi.app/Frameworks/hermes.framework doesn't have the entitlement com.apple.developer.web-browser-engine.host enabled, returning ["arm64e"]
2025-11-13 13:12:28 +0000  Archs to thin for item /Users/mac/Library/Developer/Xcode/Archives/2025-11-13/FlyingKiwi 13-11-2025, 5.11 AM.xcarchive/Products/Applications/FlyingKiwi.app/Frameworks/hermes.framework are ["arm64e"]
2025-11-13 13:12:28 +0000  Running /Applications/Xcode.app/Contents/Developer/Toolchains/XcodeDefault.xctoolchain/usr/bin/lipo '/var/folders/dt/tv16btj134x0039m9vw552380000gn/T/XcodeDistPipeline.~~~gm5olv/Root/Payload/FlyingKiwi.app/Frameworks/hermes.framework/hermes' '-verify_arch' 'arm64e'
2025-11-13 13:12:28 +0000  /Applications/Xcode.app/Contents/Developer/Toolchains/XcodeDefault.xctoolchain/usr/bin/lipo exited with 1
2025-11-13 13:12:28 +0000  Skipping architecture thinning for item "hermes" because arch "arm64e" wasn't found
2025-11-13 13:12:28 +0000  Item /Users/mac/Library/Developer/Xcode/Archives/2025-11-13/FlyingKiwi 13-11-2025, 5.11 AM.xcarchive/Products/Applications/FlyingKiwi.app doesn't have the entitlement com.apple.developer.web-browser-engine.host enabled, returning ["arm64e"]
2025-11-13 13:12:28 +0000  Archs to thin for item /Users/mac/Library/Developer/Xcode/Archives/2025-11-13/FlyingKiwi 13-11-2025, 5.11 AM.xcarchive/Products/Applications/FlyingKiwi.app are ["arm64e"]
2025-11-13 13:12:28 +0000  Running /Applications/Xcode.app/Contents/Developer/Toolchains/XcodeDefault.xctoolchain/usr/bin/lipo '/var/folders/dt/tv16btj134x0039m9vw552380000gn/T/XcodeDistPipeline.~~~gm5olv/Root/Payload/FlyingKiwi.app/FlyingKiwi' '-verify_arch' 'arm64e'
2025-11-13 13:12:28 +0000  /Applications/Xcode.app/Contents/Developer/Toolchains/XcodeDefault.xctoolchain/usr/bin/lipo exited with 1
2025-11-13 13:12:28 +0000  Skipping architecture thinning for item "FlyingKiwi" because arch "arm64e" wasn't found
2025-11-13 13:12:28 +0000  Processing step: IDEDistributionODRStep
2025-11-13 13:12:28 +0000  Processing step: IDEDistributionStripXattrsStep
2025-11-13 13:12:28 +0000  Skipping stripping extended attributes because the codesign step will strip them.
2025-11-13 13:12:28 +0000  Skipping stripping extended attributes because the codesign step will strip them.
2025-11-13 13:12:28 +0000  Skipping stripping extended attributes because the codesign step will strip them.
2025-11-13 13:12:28 +0000  Skipping stripping extended attributes because the codesign step will strip them.
2025-11-13 13:12:28 +0000  Processing step: IDEDistributionCodesignStep
2025-11-13 13:12:28 +0000  Entitlements for <IDEDistributionItem: 0x60001b8490e0; bundleID='react-native.React', path='<DVTFilePath:0x6000176e8a20:'/Users/mac/Library/Developer/Xcode/Archives/2025-11-13/FlyingKiwi 13-11-2025, 5.11 AM.xcarchive/Products/Applications/FlyingKiwi.app/Frameworks/React.framework'>', codeSigningInfo='<_DVTCodeSigningInformation_Path: 0x600017d9db80; isSigned='1', isAdHocSigned='0', signingCertificate='<DVTSigningCertificate: 0x60000667c180; name='Apple Development: Shaun Sumaru (79PU8HW5C8)', hash='E6F633C0C36E3A2E510442CE09DABF86E302A788', serialNumber='1E4B6DCBF1820275004D8C3F0FF4818C', certificateKinds='(
    "1.2.840.113635.100.6.1.12",
    "1.2.840.113635.100.6.1.2"
), issueDate='2025-10-09 07:33:01 +0000''>', entitlements='(null)', teamID='9C37K4RXVX', identifier='react-native.React', executablePath='<DVTFilePath:0x6000176ea220:'/Users/mac/Library/Developer/Xcode/Archives/2025-11-13/FlyingKiwi 13-11-2025, 5.11 AM.xcarchive/Products/Applications/FlyingKiwi.app/Frameworks/React.framework/React'>', hardenedRuntime='0'>'>: {
}
2025-11-13 13:12:28 +0000  Associated App Clip Identifiers Filter: Skipping because "com.apple.developer.associated-appclip-app-identifiers" is not present
2025-11-13 13:12:28 +0000  Entitlements for <IDEDistributionItem: 0x60001b8490e0; bundleID='react-native.React', path='<DVTFilePath:0x6000176e8a20:'/Users/mac/Library/Developer/Xcode/Archives/2025-11-13/FlyingKiwi 13-11-2025, 5.11 AM.xcarchive/Products/Applications/FlyingKiwi.app/Frameworks/React.framework'>', codeSigningInfo='<_DVTCodeSigningInformation_Path: 0x600017d9db80; isSigned='1', isAdHocSigned='0', signingCertificate='<DVTSigningCertificate: 0x600006673000; name='Apple Development: Shaun Sumaru (79PU8HW5C8)', hash='E6F633C0C36E3A2E510442CE09DABF86E302A788', serialNumber='1E4B6DCBF1820275004D8C3F0FF4818C', certificateKinds='(
    "1.2.840.113635.100.6.1.12",
    "1.2.840.113635.100.6.1.2"
), issueDate='2025-10-09 07:33:01 +0000''>', entitlements='(null)', teamID='9C37K4RXVX', identifier='react-native.React', executablePath='<DVTFilePath:0x6000176ea220:'/Users/mac/Library/Developer/Xcode/Archives/2025-11-13/FlyingKiwi 13-11-2025, 5.11 AM.xcarchive/Products/Applications/FlyingKiwi.app/Frameworks/React.framework/React'>', hardenedRuntime='0'>'> are: {
}
2025-11-13 13:12:28 +0000  Writing entitlements for <IDEDistributionItem: 0x60001b8490e0; bundleID='react-native.React', path='<DVTFilePath:0x6000176e8a20:'/Users/mac/Library/Developer/Xcode/Archives/2025-11-13/FlyingKiwi 13-11-2025, 5.11 AM.xcarchive/Products/Applications/FlyingKiwi.app/Frameworks/React.framework'>', codeSigningInfo='<_DVTCodeSigningInformation_Path: 0x600017d9db80; isSigned='1', isAdHocSigned='0', signingCertificate='<DVTSigningCertificate: 0x6000066000c0; name='Apple Development: Shaun Sumaru (79PU8HW5C8)', hash='E6F633C0C36E3A2E510442CE09DABF86E302A788', serialNumber='1E4B6DCBF1820275004D8C3F0FF4818C', certificateKinds='(
    "1.2.840.113635.100.6.1.12",
    "1.2.840.113635.100.6.1.2"
), issueDate='2025-10-09 07:33:01 +0000''>', entitlements='(null)', teamID='9C37K4RXVX', identifier='react-native.React', executablePath='<DVTFilePath:0x6000176ea220:'/Users/mac/Library/Developer/Xcode/Archives/2025-11-13/FlyingKiwi 13-11-2025, 5.11 AM.xcarchive/Products/Applications/FlyingKiwi.app/Frameworks/React.framework/React'>', hardenedRuntime='0'>'> to: /var/folders/dt/tv16btj134x0039m9vw552380000gn/T/XcodeDistPipeline.~~~gm5olv/entitlements~~~sIWu8h
2025-11-13 13:12:28 +0000  invoking codesign: <NSConcreteTask: 0x600017a1bf70; launchPath='/usr/bin/codesign', arguments='(
    "-f",
    "-s",
    1E2929AE43EF2567C7E49C2513329F97A6032B9F,
    "--entitlements",
    "/var/folders/dt/tv16btj134x0039m9vw552380000gn/T/XcodeDistPipeline.~~~gm5olv/entitlements~~~sIWu8h",
    "--preserve-metadata=identifier,flags,runtime",
    "--generate-entitlement-der",
    "--strip-disallowed-xattrs",
    "-vvv",
    "/var/folders/dt/tv16btj134x0039m9vw552380000gn/T/XcodeDistPipeline.~~~gm5olv/Root/Payload/FlyingKiwi.app/Frameworks/React.framework"
)'>
2025-11-13 13:12:29 +0000  codesign output: /var/folders/dt/tv16btj134x0039m9vw552380000gn/T/XcodeDistPipeline.~~~gm5olv/Root/Payload/FlyingKiwi.app/Frameworks/React.framework: replacing existing signature
/var/folders/dt/tv16btj134x0039m9vw552380000gn/T/XcodeDistPipeline.~~~gm5olv/Root/Payload/FlyingKiwi.app/Frameworks/React.framework: signed bundle with Mach-O thin (arm64) [react-native.React]
2025-11-13 13:12:29 +0000  Entitlements for <IDEDistributionItem: 0x6000176fe8e0; bundleID='third-party.ReactNativeDependencies', path='<DVTFilePath:0x60000f273d80:'/Users/mac/Library/Developer/Xcode/Archives/2025-11-13/FlyingKiwi 13-11-2025, 5.11 AM.xcarchive/Products/Applications/FlyingKiwi.app/Frameworks/ReactNativeDependencies.framework'>', codeSigningInfo='<_DVTCodeSigningInformation_Path: 0x600017d9dc70; isSigned='1', isAdHocSigned='0', signingCertificate='<DVTSigningCertificate: 0x6000066000c0; name='Apple Development: Shaun Sumaru (79PU8HW5C8)', hash='E6F633C0C36E3A2E510442CE09DABF86E302A788', serialNumber='1E4B6DCBF1820275004D8C3F0FF4818C', certificateKinds='(
    "1.2.840.113635.100.6.1.12",
    "1.2.840.113635.100.6.1.2"
), issueDate='2025-10-09 07:33:01 +0000''>', entitlements='(null)', teamID='9C37K4RXVX', identifier='third-party.ReactNativeDependencies', executablePath='<DVTFilePath:0x60000f509810:'/Users/mac/Library/Developer/Xcode/Archives/2025-11-13/FlyingKiwi 13-11-2025, 5.11 AM.xcarchive/Products/Applications/FlyingKiwi.app/Frameworks/ReactNativeDependencies.framework/ReactNativeDependencies'>', hardenedRuntime='0'>'>: {
}
2025-11-13 13:12:29 +0000  Associated App Clip Identifiers Filter: Skipping because "com.apple.developer.associated-appclip-app-identifiers" is not present
2025-11-13 13:12:29 +0000  Entitlements for <IDEDistributionItem: 0x6000176fe8e0; bundleID='third-party.ReactNativeDependencies', path='<DVTFilePath:0x60000f273d80:'/Users/mac/Library/Developer/Xcode/Archives/2025-11-13/FlyingKiwi 13-11-2025, 5.11 AM.xcarchive/Products/Applications/FlyingKiwi.app/Frameworks/ReactNativeDependencies.framework'>', codeSigningInfo='<_DVTCodeSigningInformation_Path: 0x600017d9dc70; isSigned='1', isAdHocSigned='0', signingCertificate='<DVTSigningCertificate: 0x6000066006c0; name='Apple Development: Shaun Sumaru (79PU8HW5C8)', hash='E6F633C0C36E3A2E510442CE09DABF86E302A788', serialNumber='1E4B6DCBF1820275004D8C3F0FF4818C', certificateKinds='(
    "1.2.840.113635.100.6.1.12",
    "1.2.840.113635.100.6.1.2"
), issueDate='2025-10-09 07:33:01 +0000''>', entitlements='(null)', teamID='9C37K4RXVX', identifier='third-party.ReactNativeDependencies', executablePath='<DVTFilePath:0x60000f509810:'/Users/mac/Library/Developer/Xcode/Archives/2025-11-13/FlyingKiwi 13-11-2025, 5.11 AM.xcarchive/Products/Applications/FlyingKiwi.app/Frameworks/ReactNativeDependencies.framework/ReactNativeDependencies'>', hardenedRuntime='0'>'> are: {
}
2025-11-13 13:12:29 +0000  Writing entitlements for <IDEDistributionItem: 0x6000176fe8e0; bundleID='third-party.ReactNativeDependencies', path='<DVTFilePath:0x60000f273d80:'/Users/mac/Library/Developer/Xcode/Archives/2025-11-13/FlyingKiwi 13-11-2025, 5.11 AM.xcarchive/Products/Applications/FlyingKiwi.app/Frameworks/ReactNativeDependencies.framework'>', codeSigningInfo='<_DVTCodeSigningInformation_Path: 0x600017d9dc70; isSigned='1', isAdHocSigned='0', signingCertificate='<DVTSigningCertificate: 0x600006600780; name='Apple Development: Shaun Sumaru (79PU8HW5C8)', hash='E6F633C0C36E3A2E510442CE09DABF86E302A788', serialNumber='1E4B6DCBF1820275004D8C3F0FF4818C', certificateKinds='(
    "1.2.840.113635.100.6.1.12",
    "1.2.840.113635.100.6.1.2"
), issueDate='2025-10-09 07:33:01 +0000''>', entitlements='(null)', teamID='9C37K4RXVX', identifier='third-party.ReactNativeDependencies', executablePath='<DVTFilePath:0x60000f509810:'/Users/mac/Library/Developer/Xcode/Archives/2025-11-13/FlyingKiwi 13-11-2025, 5.11 AM.xcarchive/Products/Applications/FlyingKiwi.app/Frameworks/ReactNativeDependencies.framework/ReactNativeDependencies'>', hardenedRuntime='0'>'> to: /var/folders/dt/tv16btj134x0039m9vw552380000gn/T/XcodeDistPipeline.~~~gm5olv/entitlements~~~T0uOZE
2025-11-13 13:12:29 +0000  invoking codesign: <NSConcreteTask: 0x600017a20050; launchPath='/usr/bin/codesign', arguments='(
    "-f",
    "-s",
    1E2929AE43EF2567C7E49C2513329F97A6032B9F,
    "--entitlements",
    "/var/folders/dt/tv16btj134x0039m9vw552380000gn/T/XcodeDistPipeline.~~~gm5olv/entitlements~~~T0uOZE",
    "--preserve-metadata=identifier,flags,runtime",
    "--generate-entitlement-der",
    "--strip-disallowed-xattrs",
    "-vvv",
    "/var/folders/dt/tv16btj134x0039m9vw552380000gn/T/XcodeDistPipeline.~~~gm5olv/Root/Payload/FlyingKiwi.app/Frameworks/ReactNativeDependencies.framework"
)'>
2025-11-13 13:12:29 +0000  codesign output: /var/folders/dt/tv16btj134x0039m9vw552380000gn/T/XcodeDistPipeline.~~~gm5olv/Root/Payload/FlyingKiwi.app/Frameworks/ReactNativeDependencies.framework: replacing existing signature
/var/folders/dt/tv16btj134x0039m9vw552380000gn/T/XcodeDistPipeline.~~~gm5olv/Root/Payload/FlyingKiwi.app/Frameworks/ReactNativeDependencies.framework: signed bundle with Mach-O thin (arm64) [third-party.ReactNativeDependencies]
2025-11-13 13:12:29 +0000  Entitlements for <IDEDistributionItem: 0x60001b852ee0; bundleID='dev.hermesengine.iphoneos', path='<DVTFilePath:0x60000f45e1b0:'/Users/mac/Library/Developer/Xcode/Archives/2025-11-13/FlyingKiwi 13-11-2025, 5.11 AM.xcarchive/Products/Applications/FlyingKiwi.app/Frameworks/hermes.framework'>', codeSigningInfo='<_DVTCodeSigningInformation_Path: 0x600017df5bd0; isSigned='1', isAdHocSigned='0', signingCertificate='<DVTSigningCertificate: 0x600006604300; name='Apple Development: Shaun Sumaru (79PU8HW5C8)', hash='E6F633C0C36E3A2E510442CE09DABF86E302A788', serialNumber='1E4B6DCBF1820275004D8C3F0FF4818C', certificateKinds='(
    "1.2.840.113635.100.6.1.12",
    "1.2.840.113635.100.6.1.2"
), issueDate='2025-10-09 07:33:01 +0000''>', entitlements='(null)', teamID='9C37K4RXVX', identifier='dev.hermesengine.iphoneos', executablePath='<DVTFilePath:0x6000176e8f00:'/Users/mac/Library/Developer/Xcode/Archives/2025-11-13/FlyingKiwi 13-11-2025, 5.11 AM.xcarchive/Products/Applications/FlyingKiwi.app/Frameworks/hermes.framework/hermes'>', hardenedRuntime='0'>'>: {
}
2025-11-13 13:12:29 +0000  Associated App Clip Identifiers Filter: Skipping because "com.apple.developer.associated-appclip-app-identifiers" is not present
2025-11-13 13:12:29 +0000  Entitlements for <IDEDistributionItem: 0x60001b852ee0; bundleID='dev.hermesengine.iphoneos', path='<DVTFilePath:0x60000f45e1b0:'/Users/mac/Library/Developer/Xcode/Archives/2025-11-13/FlyingKiwi 13-11-2025, 5.11 AM.xcarchive/Products/Applications/FlyingKiwi.app/Frameworks/hermes.framework'>', codeSigningInfo='<_DVTCodeSigningInformation_Path: 0x600017df5bd0; isSigned='1', isAdHocSigned='0', signingCertificate='<DVTSigningCertificate: 0x6000066000c0; name='Apple Development: Shaun Sumaru (79PU8HW5C8)', hash='E6F633C0C36E3A2E510442CE09DABF86E302A788', serialNumber='1E4B6DCBF1820275004D8C3F0FF4818C', certificateKinds='(
    "1.2.840.113635.100.6.1.12",
    "1.2.840.113635.100.6.1.2"
), issueDate='2025-10-09 07:33:01 +0000''>', entitlements='(null)', teamID='9C37K4RXVX', identifier='dev.hermesengine.iphoneos', executablePath='<DVTFilePath:0x6000176e8f00:'/Users/mac/Library/Developer/Xcode/Archives/2025-11-13/FlyingKiwi 13-11-2025, 5.11 AM.xcarchive/Products/Applications/FlyingKiwi.app/Frameworks/hermes.framework/hermes'>', hardenedRuntime='0'>'> are: {
}
2025-11-13 13:12:29 +0000  Writing entitlements for <IDEDistributionItem: 0x60001b852ee0; bundleID='dev.hermesengine.iphoneos', path='<DVTFilePath:0x60000f45e1b0:'/Users/mac/Library/Developer/Xcode/Archives/2025-11-13/FlyingKiwi 13-11-2025, 5.11 AM.xcarchive/Products/Applications/FlyingKiwi.app/Frameworks/hermes.framework'>', codeSigningInfo='<_DVTCodeSigningInformation_Path: 0x600017df5bd0; isSigned='1', isAdHocSigned='0', signingCertificate='<DVTSigningCertificate: 0x6000066006c0; name='Apple Development: Shaun Sumaru (79PU8HW5C8)', hash='E6F633C0C36E3A2E510442CE09DABF86E302A788', serialNumber='1E4B6DCBF1820275004D8C3F0FF4818C', certificateKinds='(
    "1.2.840.113635.100.6.1.12",
    "1.2.840.113635.100.6.1.2"
), issueDate='2025-10-09 07:33:01 +0000''>', entitlements='(null)', teamID='9C37K4RXVX', identifier='dev.hermesengine.iphoneos', executablePath='<DVTFilePath:0x6000176e8f00:'/Users/mac/Library/Developer/Xcode/Archives/2025-11-13/FlyingKiwi 13-11-2025, 5.11 AM.xcarchive/Products/Applications/FlyingKiwi.app/Frameworks/hermes.framework/hermes'>', hardenedRuntime='0'>'> to: /var/folders/dt/tv16btj134x0039m9vw552380000gn/T/XcodeDistPipeline.~~~gm5olv/entitlements~~~xxc4xQ
2025-11-13 13:12:29 +0000  invoking codesign: <NSConcreteTask: 0x600017a18230; launchPath='/usr/bin/codesign', arguments='(
    "-f",
    "-s",
    1E2929AE43EF2567C7E49C2513329F97A6032B9F,
    "--entitlements",
    "/var/folders/dt/tv16btj134x0039m9vw552380000gn/T/XcodeDistPipeline.~~~gm5olv/entitlements~~~xxc4xQ",
    "--preserve-metadata=identifier,flags,runtime",
    "--generate-entitlement-der",
    "--strip-disallowed-xattrs",
    "-vvv",
    "/var/folders/dt/tv16btj134x0039m9vw552380000gn/T/XcodeDistPipeline.~~~gm5olv/Root/Payload/FlyingKiwi.app/Frameworks/hermes.framework"
)'>
2025-11-13 13:12:29 +0000  codesign output: /var/folders/dt/tv16btj134x0039m9vw552380000gn/T/XcodeDistPipeline.~~~gm5olv/Root/Payload/FlyingKiwi.app/Frameworks/hermes.framework: replacing existing signature
/var/folders/dt/tv16btj134x0039m9vw552380000gn/T/XcodeDistPipeline.~~~gm5olv/Root/Payload/FlyingKiwi.app/Frameworks/hermes.framework: signed bundle with Mach-O thin (arm64) [dev.hermesengine.iphoneos]
2025-11-13 13:12:29 +0000  Entitlements for <IDEDistributionItem: 0x60001b850360; bundleID='org.name.FlyingKiwi', path='<DVTFilePath:0x600017884780:'/Users/mac/Library/Developer/Xcode/Archives/2025-11-13/FlyingKiwi 13-11-2025, 5.11 AM.xcarchive/Products/Applications/FlyingKiwi.app'>', codeSigningInfo='<_DVTCodeSigningInformation_Path: 0x600017df31b0; isSigned='1', isAdHocSigned='0', signingCertificate='<DVTSigningCertificate: 0x6000066000c0; name='Apple Development: Shaun Sumaru (79PU8HW5C8)', hash='E6F633C0C36E3A2E510442CE09DABF86E302A788', serialNumber='1E4B6DCBF1820275004D8C3F0FF4818C', certificateKinds='(
    "1.2.840.113635.100.6.1.12",
    "1.2.840.113635.100.6.1.2"
), issueDate='2025-10-09 07:33:01 +0000''>', entitlements='{
    "application-identifier" = "9C37K4RXVX.org.name.FlyingKiwi";
    "com.apple.developer.team-identifier" = 9C37K4RXVX;
    "get-task-allow" = 1;
}', teamID='9C37K4RXVX', identifier='org.name.FlyingKiwi', executablePath='<DVTFilePath:0x6000176df360:'/Users/mac/Library/Developer/Xcode/Archives/2025-11-13/FlyingKiwi 13-11-2025, 5.11 AM.xcarchive/Products/Applications/FlyingKiwi.app/FlyingKiwi'>', hardenedRuntime='0'>'>: {
    "application-identifier" = "9C37K4RXVX.org.name.FlyingKiwi";
    "com.apple.developer.team-identifier" = 9C37K4RXVX;
    "get-task-allow" = 0;
}
2025-11-13 13:12:29 +0000  Associated App Clip Identifiers Filter: Skipping because "com.apple.developer.associated-appclip-app-identifiers" is not present
2025-11-13 13:12:29 +0000  Entitlements for <IDEDistributionItem: 0x60001b850360; bundleID='org.name.FlyingKiwi', path='<DVTFilePath:0x600017884780:'/Users/mac/Library/Developer/Xcode/Archives/2025-11-13/FlyingKiwi 13-11-2025, 5.11 AM.xcarchive/Products/Applications/FlyingKiwi.app'>', codeSigningInfo='<_DVTCodeSigningInformation_Path: 0x600017df31b0; isSigned='1', isAdHocSigned='0', signingCertificate='<DVTSigningCertificate: 0x600006600c00; name='Apple Development: Shaun Sumaru (79PU8HW5C8)', hash='E6F633C0C36E3A2E510442CE09DABF86E302A788', serialNumber='1E4B6DCBF1820275004D8C3F0FF4818C', certificateKinds='(
    "1.2.840.113635.100.6.1.12",
    "1.2.840.113635.100.6.1.2"
), issueDate='2025-10-09 07:33:01 +0000''>', entitlements='{
    "application-identifier" = "9C37K4RXVX.org.name.FlyingKiwi";
    "com.apple.developer.team-identifier" = 9C37K4RXVX;
    "get-task-allow" = 1;
}', teamID='9C37K4RXVX', identifier='org.name.FlyingKiwi', executablePath='<DVTFilePath:0x6000176df360:'/Users/mac/Library/Developer/Xcode/Archives/2025-11-13/FlyingKiwi 13-11-2025, 5.11 AM.xcarchive/Products/Applications/FlyingKiwi.app/FlyingKiwi'>', hardenedRuntime='0'>'> are: {
    "application-identifier" = "9C37K4RXVX.org.name.FlyingKiwi";
    "com.apple.developer.team-identifier" = 9C37K4RXVX;
    "get-task-allow" = 0;
}
2025-11-13 13:12:29 +0000  Writing entitlements for <IDEDistributionItem: 0x60001b850360; bundleID='org.name.FlyingKiwi', path='<DVTFilePath:0x600017884780:'/Users/mac/Library/Developer/Xcode/Archives/2025-11-13/FlyingKiwi 13-11-2025, 5.11 AM.xcarchive/Products/Applications/FlyingKiwi.app'>', codeSigningInfo='<_DVTCodeSigningInformation_Path: 0x600017df31b0; isSigned='1', isAdHocSigned='0', signingCertificate='<DVTSigningCertificate: 0x600006600b40; name='Apple Development: Shaun Sumaru (79PU8HW5C8)', hash='E6F633C0C36E3A2E510442CE09DABF86E302A788', serialNumber='1E4B6DCBF1820275004D8C3F0FF4818C', certificateKinds='(
    "1.2.840.113635.100.6.1.12",
    "1.2.840.113635.100.6.1.2"
), issueDate='2025-10-09 07:33:01 +0000''>', entitlements='{
    "application-identifier" = "9C37K4RXVX.org.name.FlyingKiwi";
    "com.apple.developer.team-identifier" = 9C37K4RXVX;
    "get-task-allow" = 1;
}', teamID='9C37K4RXVX', identifier='org.name.FlyingKiwi', executablePath='<DVTFilePath:0x6000176df360:'/Users/mac/Library/Developer/Xcode/Archives/2025-11-13/FlyingKiwi 13-11-2025, 5.11 AM.xcarchive/Products/Applications/FlyingKiwi.app/FlyingKiwi'>', hardenedRuntime='0'>'> to: /var/folders/dt/tv16btj134x0039m9vw552380000gn/T/XcodeDistPipeline.~~~gm5olv/entitlements~~~rBZmjq
2025-11-13 13:12:29 +0000  invoking codesign: <NSConcreteTask: 0x600017a20050; launchPath='/usr/bin/codesign', arguments='(
    "-f",
    "-s",
    1E2929AE43EF2567C7E49C2513329F97A6032B9F,
    "--entitlements",
    "/var/folders/dt/tv16btj134x0039m9vw552380000gn/T/XcodeDistPipeline.~~~gm5olv/entitlements~~~rBZmjq",
    "--preserve-metadata=identifier,flags,runtime",
    "--generate-entitlement-der",
    "--strip-disallowed-xattrs",
    "-vvv",
    "/var/folders/dt/tv16btj134x0039m9vw552380000gn/T/XcodeDistPipeline.~~~gm5olv/Root/Payload/FlyingKiwi.app"
)'>
2025-11-13 13:12:29 +0000  codesign output: /var/folders/dt/tv16btj134x0039m9vw552380000gn/T/XcodeDistPipeline.~~~gm5olv/Root/Payload/FlyingKiwi.app: replacing existing signature
/var/folders/dt/tv16btj134x0039m9vw552380000gn/T/XcodeDistPipeline.~~~gm5olv/Root/Payload/FlyingKiwi.app: signed app bundle with Mach-O thin (arm64) [org.name.FlyingKiwi]
2025-11-13 13:12:29 +0000  Processing step: IDEDistributionZipODRItemStep
2025-11-13 13:12:29 +0000  Skipping step: IDEDistributionZipODRItemStep because it said so
2025-11-13 13:12:29 +0000  Skipping step: IDEDistributionZipODRItemStep because it said so
2025-11-13 13:12:29 +0000  Skipping step: IDEDistributionZipODRItemStep because it said so
2025-11-13 13:12:29 +0000  Skipping step: IDEDistributionZipODRItemStep because it said so
2025-11-13 13:12:29 +0000  Processing step: IDEDistributionCreateIPAStep
2025-11-13 13:12:29 +0000  Running /usr/bin/ditto '-V' '-c' '-k' '--norsrc' '/var/folders/dt/tv16btj134x0039m9vw552380000gn/T/XcodeDistPipeline.~~~gm5olv/Root' '/var/folders/dt/tv16btj134x0039m9vw552380000gn/T/XcodeDistPipeline.~~~gm5olv/Packages/FlyingKiwi.ipa'
2025-11-13 13:12:29 +0000  >>> Copying /var/folders/dt/tv16btj134x0039m9vw552380000gn/T/XcodeDistPipeline.~~~gm5olv/Root 
2025-11-13 13:12:29 +0000  copying file ./Payload/FlyingKiwi.app/_CodeSignature/CodeResources ... 
2025-11-13 13:12:29 +0000  29803 bytes for ./Payload/FlyingKiwi.app/_CodeSignature/CodeResources
copying file ./Payload/FlyingKiwi.app/Fontisto.ttf ... 
2025-11-13 13:12:29 +0000  313528 bytes for ./Payload/FlyingKiwi.app/Fontisto.ttf
copying file ./Payload/FlyingKiwi.app/Octicons.ttf ... 
2025-11-13 13:12:29 +0000  49404 bytes for ./Payload/FlyingKiwi.app/Octicons.ttf
copying file ./Payload/FlyingKiwi.app/Feather.ttf ... 
2025-11-13 13:12:29 +0000  56228 bytes for ./Payload/FlyingKiwi.app/Feather.ttf
2025-11-13 13:12:29 +0000  copying file ./Payload/FlyingKiwi.app/SplashScreen.storyboardc/EXPO-VIEWCONTROLLER-1-view-EXPO-ContainerView.nib ... 
2143 bytes for ./Payload/FlyingKiwi.app/SplashScreen.storyboardc/EXPO-VIEWCONTROLLER-1-view-EXPO-ContainerView.nib
copying file ./Payload/FlyingKiwi.app/SplashScreen.storyboardc/SplashScreenViewController.nib ... 
2025-11-13 13:12:29 +0000  1004 bytes for ./Payload/FlyingKiwi.app/SplashScreen.storyboardc/SplashScreenViewController.nib
copying file ./Payload/FlyingKiwi.app/SplashScreen.storyboardc/Info.plist ... 
225 bytes for ./Payload/FlyingKiwi.app/SplashScreen.storyboardc/Info.plist
2025-11-13 13:12:29 +0000  copying file ./Payload/FlyingKiwi.app/FontAwesome6_Regular.ttf ... 
2025-11-13 13:12:29 +0000  67976 bytes for ./Payload/FlyingKiwi.app/FontAwesome6_Regular.ttf
copying file ./Payload/FlyingKiwi.app/Entypo.ttf ... 
2025-11-13 13:12:29 +0000  66200 bytes for ./Payload/FlyingKiwi.app/Entypo.ttf
copying file ./Payload/FlyingKiwi.app/FontAwesome5_Brands.ttf ... 
2025-11-13 13:12:29 +0000  134040 bytes for ./Payload/FlyingKiwi.app/FontAwesome5_Brands.ttf
copying file ./Payload/FlyingKiwi.app/MaterialCommunityIcons.ttf ... 
2025-11-13 13:12:29 +0000  1147844 bytes for ./Payload/FlyingKiwi.app/MaterialCommunityIcons.ttf
2025-11-13 13:12:29 +0000  copying file ./Payload/FlyingKiwi.app/ExpoConstants_privacy.bundle/PrivacyInfo.xcprivacy ... 
607 bytes for ./Payload/FlyingKiwi.app/ExpoConstants_privacy.bundle/PrivacyInfo.xcprivacy
copying file ./Payload/FlyingKiwi.app/ExpoConstants_privacy.bundle/Info.plist ... 
793 bytes for ./Payload/FlyingKiwi.app/ExpoConstants_privacy.bundle/Info.plist
copying file ./Payload/FlyingKiwi.app/AntDesign.ttf ... 
2025-11-13 13:12:29 +0000  70344 bytes for ./Payload/FlyingKiwi.app/AntDesign.ttf
copying file ./Payload/FlyingKiwi.app/Foundation.ttf ... 
2025-11-13 13:12:29 +0000  56976 bytes for ./Payload/FlyingKiwi.app/Foundation.ttf
copying file ./Payload/FlyingKiwi.app/Ionicons.ttf ... 
2025-11-13 13:12:29 +0000  442604 bytes for ./Payload/FlyingKiwi.app/Ionicons.ttf
copying file ./Payload/FlyingKiwi.app/FontAwesome5_Solid.ttf ... 
2025-11-13 13:12:29 +0000  202744 bytes for ./Payload/FlyingKiwi.app/FontAwesome5_Solid.ttf
copying file ./Payload/FlyingKiwi.app/FontAwesome5_Regular.ttf ... 
2025-11-13 13:12:29 +0000  33736 bytes for ./Payload/FlyingKiwi.app/FontAwesome5_Regular.ttf
2025-11-13 13:12:29 +0000  copying file ./Payload/FlyingKiwi.app/React-cxxreact_privacy.bundle/PrivacyInfo.xcprivacy ... 
552 bytes for ./Payload/FlyingKiwi.app/React-cxxreact_privacy.bundle/PrivacyInfo.xcprivacy
copying file ./Payload/FlyingKiwi.app/React-cxxreact_privacy.bundle/Info.plist ... 
2025-11-13 13:12:29 +0000  794 bytes for ./Payload/FlyingKiwi.app/React-cxxreact_privacy.bundle/Info.plist
copying file ./Payload/FlyingKiwi.app/FontAwesome.ttf ... 
2025-11-13 13:12:29 +0000  165548 bytes for ./Payload/FlyingKiwi.app/FontAwesome.ttf
copying file ./Payload/FlyingKiwi.app/Zocial.ttf ... 
2025-11-13 13:12:29 +0000  25788 bytes for ./Payload/FlyingKiwi.app/Zocial.ttf
copying file ./Payload/FlyingKiwi.app/Assets.car ... 
2025-11-13 13:12:29 +0000  80335 bytes for ./Payload/FlyingKiwi.app/Assets.car
copying file ./Payload/FlyingKiwi.app/EvilIcons.ttf ... 
2025-11-13 13:12:29 +0000  13456 bytes for ./Payload/FlyingKiwi.app/EvilIcons.ttf
copying file ./Payload/FlyingKiwi.app/main.jsbundle ... 
2025-11-13 13:12:29 +0000  5149288 bytes for ./Payload/FlyingKiwi.app/main.jsbundle
2025-11-13 13:12:29 +0000  copying file ./Payload/FlyingKiwi.app/EXConstants.bundle/app.config ... 
111 bytes for ./Payload/FlyingKiwi.app/EXConstants.bundle/app.config
copying file ./Payload/FlyingKiwi.app/EXConstants.bundle/Info.plist ... 
771 bytes for ./Payload/FlyingKiwi.app/EXConstants.bundle/Info.plist
copying file ./Payload/FlyingKiwi.app/FontAwesome6_Solid.ttf ... 
2025-11-13 13:12:29 +0000  423676 bytes for ./Payload/FlyingKiwi.app/FontAwesome6_Solid.ttf
2025-11-13 13:12:29 +0000  copying file ./Payload/FlyingKiwi.app/PrivacyInfo.xcprivacy ... 
1283 bytes for ./Payload/FlyingKiwi.app/PrivacyInfo.xcprivacy
copying file ./Payload/FlyingKiwi.app/RNSVGFilters.bundle/RNSVGArithmeticFilter.iphoneos.metallib ... 
2025-11-13 13:12:29 +0000  3993 bytes for ./Payload/FlyingKiwi.app/RNSVGFilters.bundle/RNSVGArithmeticFilter.iphoneos.metallib
copying file ./Payload/FlyingKiwi.app/RNSVGFilters.bundle/RNSVGCompositeXor.iphoneos.metallib ... 
2025-11-13 13:12:29 +0000  3509 bytes for ./Payload/FlyingKiwi.app/RNSVGFilters.bundle/RNSVGCompositeXor.iphoneos.metallib
copying file ./Payload/FlyingKiwi.app/RNSVGFilters.bundle/Info.plist ... 
2025-11-13 13:12:29 +0000  773 bytes for ./Payload/FlyingKiwi.app/RNSVGFilters.bundle/Info.plist
copying file ./Payload/FlyingKiwi.app/ExpoFileSystem_privacy.bundle/PrivacyInfo.xcprivacy ... 
2025-11-13 13:12:29 +0000  877 bytes for ./Payload/FlyingKiwi.app/ExpoFileSystem_privacy.bundle/PrivacyInfo.xcprivacy
copying file ./Payload/FlyingKiwi.app/ExpoFileSystem_privacy.bundle/Info.plist ... 
2025-11-13 13:12:29 +0000  795 bytes for ./Payload/FlyingKiwi.app/ExpoFileSystem_privacy.bundle/Info.plist
2025-11-13 13:12:29 +0000  copying file ./Payload/FlyingKiwi.app/Frameworks/React.framework/_CodeSignature/CodeResources ... 
2025-11-13 13:12:29 +0000  1798 bytes for ./Payload/FlyingKiwi.app/Frameworks/React.framework/_CodeSignature/CodeResources
copying file ./Payload/FlyingKiwi.app/Frameworks/React.framework/React ... 
2025-11-13 13:12:30 +0000  11371968 bytes for ./Payload/FlyingKiwi.app/Frameworks/React.framework/React
2025-11-13 13:12:30 +0000  copying file ./Payload/FlyingKiwi.app/Frameworks/React.framework/Info.plist ... 
749 bytes for ./Payload/FlyingKiwi.app/Frameworks/React.framework/Info.plist
2025-11-13 13:12:30 +0000  copying file ./Payload/FlyingKiwi.app/Frameworks/ReactNativeDependencies.framework/_CodeSignature/CodeResources ... 
2025-11-13 13:12:30 +0000  3548 bytes for ./Payload/FlyingKiwi.app/Frameworks/ReactNativeDependencies.framework/_CodeSignature/CodeResources
copying file ./Payload/FlyingKiwi.app/Frameworks/ReactNativeDependencies.framework/ReactNativeDependencies_folly.bundle/PrivacyInfo.xcprivacy ... 
2025-11-13 13:12:30 +0000  552 bytes for ./Payload/FlyingKiwi.app/Frameworks/ReactNativeDependencies.framework/ReactNativeDependencies_folly.bundle/PrivacyInfo.xcprivacy
copying file ./Payload/FlyingKiwi.app/Frameworks/ReactNativeDependencies.framework/ReactNativeDependencies_folly.bundle/Info.plist ... 
2025-11-13 13:12:30 +0000  690 bytes for ./Payload/FlyingKiwi.app/Frameworks/ReactNativeDependencies.framework/ReactNativeDependencies_folly.bundle/Info.plist
copying file ./Payload/FlyingKiwi.app/Frameworks/ReactNativeDependencies.framework/ReactNativeDependencies ... 
2025-11-13 13:12:30 +0000  1287280 bytes for ./Payload/FlyingKiwi.app/Frameworks/ReactNativeDependencies.framework/ReactNativeDependencies
2025-11-13 13:12:30 +0000  copying file ./Payload/FlyingKiwi.app/Frameworks/ReactNativeDependencies.framework/ReactNativeDependencies_glog.bundle/PrivacyInfo.xcprivacy ... 
552 bytes for ./Payload/FlyingKiwi.app/Frameworks/ReactNativeDependencies.framework/ReactNativeDependencies_glog.bundle/PrivacyInfo.xcprivacy
2025-11-13 13:12:30 +0000  copying file ./Payload/FlyingKiwi.app/Frameworks/ReactNativeDependencies.framework/ReactNativeDependencies_glog.bundle/Info.plist ... 
688 bytes for ./Payload/FlyingKiwi.app/Frameworks/ReactNativeDependencies.framework/ReactNativeDependencies_glog.bundle/Info.plist
2025-11-13 13:12:30 +0000  copying file ./Payload/FlyingKiwi.app/Frameworks/ReactNativeDependencies.framework/ReactNativeDependencies_boost.bundle/PrivacyInfo.xcprivacy ... 
776 bytes for ./Payload/FlyingKiwi.app/Frameworks/ReactNativeDependencies.framework/ReactNativeDependencies_boost.bundle/PrivacyInfo.xcprivacy
copying file ./Payload/FlyingKiwi.app/Frameworks/ReactNativeDependencies.framework/ReactNativeDependencies_boost.bundle/Info.plist ... 
2025-11-13 13:12:30 +0000  690 bytes for ./Payload/FlyingKiwi.app/Frameworks/ReactNativeDependencies.framework/ReactNativeDependencies_boost.bundle/Info.plist
copying file ./Payload/FlyingKiwi.app/Frameworks/ReactNativeDependencies.framework/Info.plist ... 
782 bytes for ./Payload/FlyingKiwi.app/Frameworks/ReactNativeDependencies.framework/Info.plist
2025-11-13 13:12:30 +0000  copying file ./Payload/FlyingKiwi.app/Frameworks/hermes.framework/_CodeSignature/CodeResources ... 
2025-11-13 13:12:30 +0000  1798 bytes for ./Payload/FlyingKiwi.app/Frameworks/hermes.framework/_CodeSignature/CodeResources
copying file ./Payload/FlyingKiwi.app/Frameworks/hermes.framework/hermes ... 
2025-11-13 13:12:30 +0000  4755616 bytes for ./Payload/FlyingKiwi.app/Frameworks/hermes.framework/hermes
copying file ./Payload/FlyingKiwi.app/Frameworks/hermes.framework/Info.plist ... 
2025-11-13 13:12:30 +0000  859 bytes for ./Payload/FlyingKiwi.app/Frameworks/hermes.framework/Info.plist
copying file ./Payload/FlyingKiwi.app/SimpleLineIcons.ttf ... 
2025-11-13 13:12:30 +0000  54056 bytes for ./Payload/FlyingKiwi.app/SimpleLineIcons.ttf
copying file ./Payload/FlyingKiwi.app/FontAwesome6_Brands.ttf ... 
2025-11-13 13:12:30 +0000  209376 bytes for ./Payload/FlyingKiwi.app/FontAwesome6_Brands.ttf
copying file ./Payload/FlyingKiwi.app/embedded.mobileprovision ... 
2025-11-13 13:12:30 +0000  19044 bytes for ./Payload/FlyingKiwi.app/embedded.mobileprovision
2025-11-13 13:12:30 +0000  copying file ./Payload/FlyingKiwi.app/assets/node_modules/@react-navigation/elements/lib/module/assets/back-icon@3x.png ... 
2025-11-13 13:12:30 +0000  761 bytes for ./Payload/FlyingKiwi.app/assets/node_modules/@react-navigation/elements/lib/module/assets/back-icon@3x.png
copying file ./Payload/FlyingKiwi.app/assets/node_modules/@react-navigation/elements/lib/module/assets/back-icon@2x.png ... 
2025-11-13 13:12:30 +0000  405 bytes for ./Payload/FlyingKiwi.app/assets/node_modules/@react-navigation/elements/lib/module/assets/back-icon@2x.png
copying file ./Payload/FlyingKiwi.app/assets/node_modules/@react-navigation/elements/lib/module/assets/search-icon@2x.png ... 
589 bytes for ./Payload/FlyingKiwi.app/assets/node_modules/@react-navigation/elements/lib/module/assets/search-icon@2x.png
copying file ./Payload/FlyingKiwi.app/assets/node_modules/@react-navigation/elements/lib/module/assets/clear-icon@3x.png ... 
2025-11-13 13:12:30 +0000  502 bytes for ./Payload/FlyingKiwi.app/assets/node_modules/@react-navigation/elements/lib/module/assets/clear-icon@3x.png
copying file ./Payload/FlyingKiwi.app/assets/node_modules/@react-navigation/elements/lib/module/assets/back-icon.png ... 
2025-11-13 13:12:30 +0000  290 bytes for ./Payload/FlyingKiwi.app/assets/node_modules/@react-navigation/elements/lib/module/assets/back-icon.png
copying file ./Payload/FlyingKiwi.app/assets/node_modules/@react-navigation/elements/lib/module/assets/clear-icon@2x.png ... 
334 bytes for ./Payload/FlyingKiwi.app/assets/node_modules/@react-navigation/elements/lib/module/assets/clear-icon@2x.png
copying file ./Payload/FlyingKiwi.app/assets/node_modules/@react-navigation/elements/lib/module/assets/search-icon@3x.png ... 
2025-11-13 13:12:30 +0000  839 bytes for ./Payload/FlyingKiwi.app/assets/node_modules/@react-navigation/elements/lib/module/assets/search-icon@3x.png
copying file ./Payload/FlyingKiwi.app/assets/node_modules/@react-navigation/elements/lib/module/assets/close-icon.png ... 
2025-11-13 13:12:30 +0000  141 bytes for ./Payload/FlyingKiwi.app/assets/node_modules/@react-navigation/elements/lib/module/assets/close-icon.png
copying file ./Payload/FlyingKiwi.app/assets/node_modules/@react-navigation/elements/lib/module/assets/back-icon-mask.png ... 
653 bytes for ./Payload/FlyingKiwi.app/assets/node_modules/@react-navigation/elements/lib/module/assets/back-icon-mask.png
copying file ./Payload/FlyingKiwi.app/assets/node_modules/@react-navigation/elements/lib/module/assets/close-icon@2x.png ... 
2025-11-13 13:12:30 +0000  201 bytes for ./Payload/FlyingKiwi.app/assets/node_modules/@react-navigation/elements/lib/module/assets/close-icon@2x.png
copying file ./Payload/FlyingKiwi.app/assets/node_modules/@react-navigation/elements/lib/module/assets/close-icon@3x.png ... 
266 bytes for ./Payload/FlyingKiwi.app/assets/node_modules/@react-navigation/elements/lib/module/assets/close-icon@3x.png
copying file ./Payload/FlyingKiwi.app/assets/node_modules/@react-navigation/elements/lib/module/assets/clear-icon.png ... 
2025-11-13 13:12:30 +0000  220 bytes for ./Payload/FlyingKiwi.app/assets/node_modules/@react-navigation/elements/lib/module/assets/clear-icon.png
copying file ./Payload/FlyingKiwi.app/assets/node_modules/@react-navigation/elements/lib/module/assets/search-icon.png ... 
2025-11-13 13:12:30 +0000  317 bytes for ./Payload/FlyingKiwi.app/assets/node_modules/@react-navigation/elements/lib/module/assets/search-icon.png
2025-11-13 13:12:30 +0000  copying file ./Payload/FlyingKiwi.app/assets/node_modules/expo/node_modules/@expo/vector-icons/build/vendor/react-native-vector-icons/Fonts/Fontisto.ttf ... 
2025-11-13 13:12:30 +0000  313528 bytes for ./Payload/FlyingKiwi.app/assets/node_modules/expo/node_modules/@expo/vector-icons/build/vendor/react-native-vector-icons/Fonts/Fontisto.ttf
2025-11-13 13:12:30 +0000  copying file ./Payload/FlyingKiwi.app/assets/node_modules/expo/node_modules/@expo/vector-icons/build/vendor/react-native-vector-icons/Fonts/Octicons.ttf ... 
2025-11-13 13:12:30 +0000  69436 bytes for ./Payload/FlyingKiwi.app/assets/node_modules/expo/node_modules/@expo/vector-icons/build/vendor/react-native-vector-icons/Fonts/Octicons.ttf
copying file ./Payload/FlyingKiwi.app/assets/node_modules/expo/node_modules/@expo/vector-icons/build/vendor/react-native-vector-icons/Fonts/Feather.ttf ... 
2025-11-13 13:12:30 +0000  55596 bytes for ./Payload/FlyingKiwi.app/assets/node_modules/expo/node_modules/@expo/vector-icons/build/vendor/react-native-vector-icons/Fonts/Feather.ttf
copying file ./Payload/FlyingKiwi.app/assets/node_modules/expo/node_modules/@expo/vector-icons/build/vendor/react-native-vector-icons/Fonts/FontAwesome6_Regular.ttf ... 
2025-11-13 13:12:30 +0000  67976 bytes for ./Payload/FlyingKiwi.app/assets/node_modules/expo/node_modules/@expo/vector-icons/build/vendor/react-native-vector-icons/Fonts/FontAwesome6_Regular.ttf
copying file ./Payload/FlyingKiwi.app/assets/node_modules/expo/node_modules/@expo/vector-icons/build/vendor/react-native-vector-icons/Fonts/Entypo.ttf ... 
2025-11-13 13:12:30 +0000  66200 bytes for ./Payload/FlyingKiwi.app/assets/node_modules/expo/node_modules/@expo/vector-icons/build/vendor/react-native-vector-icons/Fonts/Entypo.ttf
copying file ./Payload/FlyingKiwi.app/assets/node_modules/expo/node_modules/@expo/vector-icons/build/vendor/react-native-vector-icons/Fonts/FontAwesome5_Brands.ttf ... 
2025-11-13 13:12:30 +0000  134040 bytes for ./Payload/FlyingKiwi.app/assets/node_modules/expo/node_modules/@expo/vector-icons/build/vendor/react-native-vector-icons/Fonts/FontAwesome5_Brands.ttf
copying file ./Payload/FlyingKiwi.app/assets/node_modules/expo/node_modules/@expo/vector-icons/build/vendor/react-native-vector-icons/Fonts/MaterialCommunityIcons.ttf ... 
2025-11-13 13:12:30 +0000  1307660 bytes for ./Payload/FlyingKiwi.app/assets/node_modules/expo/node_modules/@expo/vector-icons/build/vendor/react-native-vector-icons/Fonts/MaterialCommunityIcons.ttf
copying file ./Payload/FlyingKiwi.app/assets/node_modules/expo/node_modules/@expo/vector-icons/build/vendor/react-native-vector-icons/Fonts/AntDesign.ttf ... 
2025-11-13 13:12:30 +0000  130484 bytes for ./Payload/FlyingKiwi.app/assets/node_modules/expo/node_modules/@expo/vector-icons/build/vendor/react-native-vector-icons/Fonts/AntDesign.ttf
copying file ./Payload/FlyingKiwi.app/assets/node_modules/expo/node_modules/@expo/vector-icons/build/vendor/react-native-vector-icons/Fonts/Foundation.ttf ... 
2025-11-13 13:12:30 +0000  56976 bytes for ./Payload/FlyingKiwi.app/assets/node_modules/expo/node_modules/@expo/vector-icons/build/vendor/react-native-vector-icons/Fonts/Foundation.ttf
2025-11-13 13:12:30 +0000  copying file ./Payload/FlyingKiwi.app/assets/node_modules/expo/node_modules/@expo/vector-icons/build/vendor/react-native-vector-icons/Fonts/Ionicons.ttf ... 
2025-11-13 13:12:30 +0000  389724 bytes for ./Payload/FlyingKiwi.app/assets/node_modules/expo/node_modules/@expo/vector-icons/build/vendor/react-native-vector-icons/Fonts/Ionicons.ttf
2025-11-13 13:12:30 +0000  copying file ./Payload/FlyingKiwi.app/assets/node_modules/expo/node_modules/@expo/vector-icons/build/vendor/react-native-vector-icons/Fonts/FontAwesome5_Solid.ttf ... 
2025-11-13 13:12:30 +0000  202744 bytes for ./Payload/FlyingKiwi.app/assets/node_modules/expo/node_modules/@expo/vector-icons/build/vendor/react-native-vector-icons/Fonts/FontAwesome5_Solid.ttf
copying file ./Payload/FlyingKiwi.app/assets/node_modules/expo/node_modules/@expo/vector-icons/build/vendor/react-native-vector-icons/Fonts/FontAwesome5_Regular.ttf ... 
2025-11-13 13:12:30 +0000  33736 bytes for ./Payload/FlyingKiwi.app/assets/node_modules/expo/node_modules/@expo/vector-icons/build/vendor/react-native-vector-icons/Fonts/FontAwesome5_Regular.ttf
copying file ./Payload/FlyingKiwi.app/assets/node_modules/expo/node_modules/@expo/vector-icons/build/vendor/react-native-vector-icons/Fonts/FontAwesome.ttf ... 
2025-11-13 13:12:30 +0000  165548 bytes for ./Payload/FlyingKiwi.app/assets/node_modules/expo/node_modules/@expo/vector-icons/build/vendor/react-native-vector-icons/Fonts/FontAwesome.ttf
2025-11-13 13:12:30 +0000  copying file ./Payload/FlyingKiwi.app/assets/node_modules/expo/node_modules/@expo/vector-icons/build/vendor/react-native-vector-icons/Fonts/Zocial.ttf ... 
2025-11-13 13:12:30 +0000  25788 bytes for ./Payload/FlyingKiwi.app/assets/node_modules/expo/node_modules/@expo/vector-icons/build/vendor/react-native-vector-icons/Fonts/Zocial.ttf
copying file ./Payload/FlyingKiwi.app/assets/node_modules/expo/node_modules/@expo/vector-icons/build/vendor/react-native-vector-icons/Fonts/EvilIcons.ttf ... 
2025-11-13 13:12:30 +0000  13456 bytes for ./Payload/FlyingKiwi.app/assets/node_modules/expo/node_modules/@expo/vector-icons/build/vendor/react-native-vector-icons/Fonts/EvilIcons.ttf
copying file ./Payload/FlyingKiwi.app/assets/node_modules/expo/node_modules/@expo/vector-icons/build/vendor/react-native-vector-icons/Fonts/FontAwesome6_Solid.ttf ... 
2025-11-13 13:12:30 +0000  423676 bytes for ./Payload/FlyingKiwi.app/assets/node_modules/expo/node_modules/@expo/vector-icons/build/vendor/react-native-vector-icons/Fonts/FontAwesome6_Solid.ttf
2025-11-13 13:12:30 +0000  copying file ./Payload/FlyingKiwi.app/assets/node_modules/expo/node_modules/@expo/vector-icons/build/vendor/react-native-vector-icons/Fonts/SimpleLineIcons.ttf ... 
2025-11-13 13:12:30 +0000  54056 bytes for ./Payload/FlyingKiwi.app/assets/node_modules/expo/node_modules/@expo/vector-icons/build/vendor/react-native-vector-icons/Fonts/SimpleLineIcons.ttf
2025-11-13 13:12:30 +0000  copying file ./Payload/FlyingKiwi.app/assets/node_modules/expo/node_modules/@expo/vector-icons/build/vendor/react-native-vector-icons/Fonts/FontAwesome6_Brands.ttf ... 
2025-11-13 13:12:30 +0000  209376 bytes for ./Payload/FlyingKiwi.app/assets/node_modules/expo/node_modules/@expo/vector-icons/build/vendor/react-native-vector-icons/Fonts/FontAwesome6_Brands.ttf
copying file ./Payload/FlyingKiwi.app/assets/node_modules/expo/node_modules/@expo/vector-icons/build/vendor/react-native-vector-icons/Fonts/MaterialIcons.ttf ... 
2025-11-13 13:12:30 +0000  356840 bytes for ./Payload/FlyingKiwi.app/assets/node_modules/expo/node_modules/@expo/vector-icons/build/vendor/react-native-vector-icons/Fonts/MaterialIcons.ttf
2025-11-13 13:12:30 +0000  copying file ./Payload/FlyingKiwi.app/assets/assets/finger_print.png ... 
2025-11-13 13:12:30 +0000  1291 bytes for ./Payload/FlyingKiwi.app/assets/assets/finger_print.png
copying file ./Payload/FlyingKiwi.app/FlyingKiwi ... 
2025-11-13 13:12:30 +0000  5220208 bytes for ./Payload/FlyingKiwi.app/FlyingKiwi
copying file ./Payload/FlyingKiwi.app/Info.plist ... 
2025-11-13 13:12:30 +0000  1320 bytes for ./Payload/FlyingKiwi.app/Info.plist
copying file ./Payload/FlyingKiwi.app/Expo.plist ... 
42 bytes for ./Payload/FlyingKiwi.app/Expo.plist
copying file ./Payload/FlyingKiwi.app/RNCAsyncStorage_resources.bundle/PrivacyInfo.xcprivacy ... 
512 bytes for ./Payload/FlyingKiwi.app/RNCAsyncStorage_resources.bundle/PrivacyInfo.xcprivacy
2025-11-13 13:12:30 +0000  copying file ./Payload/FlyingKiwi.app/RNCAsyncStorage_resources.bundle/Info.plist ... 
799 bytes for ./Payload/FlyingKiwi.app/RNCAsyncStorage_resources.bundle/Info.plist
copying file ./Payload/FlyingKiwi.app/PkgInfo ... 
8 bytes for ./Payload/FlyingKiwi.app/PkgInfo
2025-11-13 13:12:30 +0000  copying file ./Payload/FlyingKiwi.app/MaterialIcons.ttf ... 
2025-11-13 13:12:30 +0000  356840 bytes for ./Payload/FlyingKiwi.app/MaterialIcons.ttf
2025-11-13 13:12:30 +0000  copying file ./Payload/FlyingKiwi.app/React-Core_privacy.bundle/PrivacyInfo.xcprivacy ... 
768 bytes for ./Payload/FlyingKiwi.app/React-Core_privacy.bundle/PrivacyInfo.xcprivacy
copying file ./Payload/FlyingKiwi.app/React-Core_privacy.bundle/Info.plist ... 
2025-11-13 13:12:30 +0000  786 bytes for ./Payload/FlyingKiwi.app/React-Core_privacy.bundle/Info.plist
2025-11-13 13:12:30 +0000  /usr/bin/ditto exited with 0
2025-11-13 13:12:30 +0000  Processing step: IDEDistributionAppStoreInformationStep
2025-11-13 13:12:30 +0000  Skipping step: IDEDistributionAppStoreInformationStep because it said so
2025-11-13 13:12:30 +0000  Processing step: IDEDistributionGenerateProcessedDistributionItems
2025-11-13 13:12:30 +0000  IDEDistributionItem init <DVTFilePath:0x60000f460e00:'/var/folders/dt/tv16btj134x0039m9vw552380000gn/T/XcodeDistPipeline.~~~gm5olv/Root/Payload/FlyingKiwi.app/Frameworks/hermes.framework'>
2025-11-13 13:12:30 +0000  IDEDistributionItem init <DVTFilePath:0x60000f2a8c80:'/var/folders/dt/tv16btj134x0039m9vw552380000gn/T/XcodeDistPipeline.~~~gm5olv/Root/Payload/FlyingKiwi.app/Frameworks/ReactNativeDependencies.framework'>
2025-11-13 13:12:30 +0000  IDEDistributionItem init <DVTFilePath:0x6000176dbd20:'/var/folders/dt/tv16btj134x0039m9vw552380000gn/T/XcodeDistPipeline.~~~gm5olv/Root/Payload/FlyingKiwi.app/Frameworks/React.framework'>
2025-11-13 13:12:30 +0000  IDEDistributionItem init <DVTFilePath:0x6000176ef120:'/var/folders/dt/tv16btj134x0039m9vw552380000gn/T/XcodeDistPipeline.~~~gm5olv/Root/Payload/FlyingKiwi.app'>
2025-11-13 13:12:30 +0000  Processing step: IDEDistributionCreateManifestStep
